Analysis & Synthesis report for LSDAlarm
Sun Jun 03 04:57:13 2018
Quartus Prime Version 17.1.0 Build 590 10/25/2017 SJ Lite Edition


---------------------
; Table of Contents ;
---------------------
  1. Legal Notice
  2. Analysis & Synthesis Summary
  3. Analysis & Synthesis Settings
  4. Parallel Compilation
  5. Analysis & Synthesis Source Files Read
  6. Analysis & Synthesis Resource Usage Summary
  7. Analysis & Synthesis Resource Utilization by Entity
  8. State Machine - |ProjFinal_Shell|ControlUnit1:C1Unit|s_currentState
  9. User-Specified and Inferred Latches
 10. Registers Removed During Synthesis
 11. General Register Statistics
 12. Multiplexer Restructuring Statistics (Restructuring Performed)
 13. Parameter Settings for User Entity Instance: ClkDividerN:divisor
 14. Port Connectivity Checks: "SwitchInst:shiftInst"
 15. Post-Synthesis Netlist Statistics for Top Partition
 16. Elapsed Time Per Partition
 17. Analysis & Synthesis Messages



----------------
; Legal Notice ;
----------------
Copyright (C) 2017  Intel Corporation. All rights reserved.
Your use of Intel Corporation's design tools, logic functions 
and other software and tools, and its AMPP partner logic 
functions, and any output files from any of the foregoing 
(including device programming or simulation files), and any 
associated documentation or information are expressly subject 
to the terms and conditions of the Intel Program License 
Subscription Agreement, the Intel Quartus Prime License Agreement,
the Intel FPGA IP License Agreement, or other applicable license
agreement, including, without limitation, that your use is for
the sole purpose of programming logic devices manufactured by
Intel and sold by Intel or its authorized distributors.  Please
refer to the applicable agreement for further details.



+----------------------------------------------------------------------------------+
; Analysis & Synthesis Summary                                                     ;
+------------------------------------+---------------------------------------------+
; Analysis & Synthesis Status        ; Successful - Sun Jun 03 04:57:13 2018       ;
; Quartus Prime Version              ; 17.1.0 Build 590 10/25/2017 SJ Lite Edition ;
; Revision Name                      ; LSDAlarm                                    ;
; Top-level Entity Name              ; ProjFinal_Shell                             ;
; Family                             ; Cyclone IV E                                ;
; Total logic elements               ; 85                                          ;
;     Total combinational functions  ; 73                                          ;
;     Dedicated logic registers      ; 51                                          ;
; Total registers                    ; 51                                          ;
; Total pins                         ; 69                                          ;
; Total virtual pins                 ; 0                                           ;
; Total memory bits                  ; 0                                           ;
; Embedded Multiplier 9-bit elements ; 0                                           ;
; Total PLLs                         ; 0                                           ;
+------------------------------------+---------------------------------------------+


+----------------------------------------------------------------------------------------------------------------------+
; Analysis & Synthesis Settings                                                                                        ;
+----------------------------------------------------------------------------+--------------------+--------------------+
; Option                                                                     ; Setting            ; Default Value      ;
+----------------------------------------------------------------------------+--------------------+--------------------+
; Device                                                                     ; EP4CE115F29C7      ;                    ;
; Top-level entity name                                                      ; ProjFinal_Shell    ; LSDAlarm           ;
; Family name                                                                ; Cyclone IV E       ; Cyclone V          ;
; Use smart compilation                                                      ; Off                ; Off                ;
; Enable parallel Assembler and TimeQuest Timing Analyzer during compilation ; On                 ; On                 ;
; Enable compact report table                                                ; Off                ; Off                ;
; Restructure Multiplexers                                                   ; Auto               ; Auto               ;
; Create Debugging Nodes for IP Cores                                        ; Off                ; Off                ;
; Preserve fewer node names                                                  ; On                 ; On                 ;
; Intel FPGA IP Evaluation Mode                                              ; Enable             ; Enable             ;
; Verilog Version                                                            ; Verilog_2001       ; Verilog_2001       ;
; VHDL Version                                                               ; VHDL_1993          ; VHDL_1993          ;
; State Machine Processing                                                   ; Auto               ; Auto               ;
; Safe State Machine                                                         ; Off                ; Off                ;
; Extract Verilog State Machines                                             ; On                 ; On                 ;
; Extract VHDL State Machines                                                ; On                 ; On                 ;
; Ignore Verilog initial constructs                                          ; Off                ; Off                ;
; Iteration limit for constant Verilog loops                                 ; 5000               ; 5000               ;
; Iteration limit for non-constant Verilog loops                             ; 250                ; 250                ;
; Add Pass-Through Logic to Inferred RAMs                                    ; On                 ; On                 ;
; Infer RAMs from Raw Logic                                                  ; On                 ; On                 ;
; Parallel Synthesis                                                         ; On                 ; On                 ;
; DSP Block Balancing                                                        ; Auto               ; Auto               ;
; NOT Gate Push-Back                                                         ; On                 ; On                 ;
; Power-Up Don't Care                                                        ; On                 ; On                 ;
; Remove Redundant Logic Cells                                               ; Off                ; Off                ;
; Remove Duplicate Registers                                                 ; On                 ; On                 ;
; Ignore CARRY Buffers                                                       ; Off                ; Off                ;
; Ignore CASCADE Buffers                                                     ; Off                ; Off                ;
; Ignore GLOBAL Buffers                                                      ; Off                ; Off                ;
; Ignore ROW GLOBAL Buffers                                                  ; Off                ; Off                ;
; Ignore LCELL Buffers                                                       ; Off                ; Off                ;
; Ignore SOFT Buffers                                                        ; On                 ; On                 ;
; Limit AHDL Integers to 32 Bits                                             ; Off                ; Off                ;
; Optimization Technique                                                     ; Balanced           ; Balanced           ;
; Carry Chain Length                                                         ; 70                 ; 70                 ;
; Auto Carry Chains                                                          ; On                 ; On                 ;
; Auto Open-Drain Pins                                                       ; On                 ; On                 ;
; Perform WYSIWYG Primitive Resynthesis                                      ; Off                ; Off                ;
; Auto ROM Replacement                                                       ; On                 ; On                 ;
; Auto RAM Replacement                                                       ; On                 ; On                 ;
; Auto DSP Block Replacement                                                 ; On                 ; On                 ;
; Auto Shift Register Replacement                                            ; Auto               ; Auto               ;
; Allow Shift Register Merging across Hierarchies                            ; Auto               ; Auto               ;
; Auto Clock Enable Replacement                                              ; On                 ; On                 ;
; Strict RAM Replacement                                                     ; Off                ; Off                ;
; Allow Synchronous Control Signals                                          ; On                 ; On                 ;
; Force Use of Synchronous Clear Signals                                     ; Off                ; Off                ;
; Auto RAM Block Balancing                                                   ; On                 ; On                 ;
; Auto RAM to Logic Cell Conversion                                          ; Off                ; Off                ;
; Auto Resource Sharing                                                      ; Off                ; Off                ;
; Allow Any RAM Size For Recognition                                         ; Off                ; Off                ;
; Allow Any ROM Size For Recognition                                         ; Off                ; Off                ;
; Allow Any Shift Register Size For Recognition                              ; Off                ; Off                ;
; Use LogicLock Constraints during Resource Balancing                        ; On                 ; On                 ;
; Ignore translate_off and synthesis_off directives                          ; Off                ; Off                ;
; Timing-Driven Synthesis                                                    ; On                 ; On                 ;
; Report Parameter Settings                                                  ; On                 ; On                 ;
; Report Source Assignments                                                  ; On                 ; On                 ;
; Report Connectivity Checks                                                 ; On                 ; On                 ;
; Ignore Maximum Fan-Out Assignments                                         ; Off                ; Off                ;
; Synchronization Register Chain Length                                      ; 2                  ; 2                  ;
; Power Optimization During Synthesis                                        ; Normal compilation ; Normal compilation ;
; HDL message level                                                          ; Level2             ; Level2             ;
; Suppress Register Optimization Related Messages                            ; Off                ; Off                ;
; Number of Removed Registers Reported in Synthesis Report                   ; 5000               ; 5000               ;
; Number of Swept Nodes Reported in Synthesis Report                         ; 5000               ; 5000               ;
; Number of Inverted Registers Reported in Synthesis Report                  ; 100                ; 100                ;
; Clock MUX Protection                                                       ; On                 ; On                 ;
; Auto Gated Clock Conversion                                                ; Off                ; Off                ;
; Block Design Naming                                                        ; Auto               ; Auto               ;
; SDC constraint protection                                                  ; Off                ; Off                ;
; Synthesis Effort                                                           ; Auto               ; Auto               ;
; Shift Register Replacement - Allow Asynchronous Clear Signal               ; On                 ; On                 ;
; Pre-Mapping Resynthesis Optimization                                       ; Off                ; Off                ;
; Analysis & Synthesis Message Level                                         ; Medium             ; Medium             ;
; Disable Register Merging Across Hierarchies                                ; Auto               ; Auto               ;
; Resource Aware Inference For Block RAM                                     ; On                 ; On                 ;
+----------------------------------------------------------------------------+--------------------+--------------------+


+------------------------------------------+
; Parallel Compilation                     ;
+----------------------------+-------------+
; Processors                 ; Number      ;
+----------------------------+-------------+
; Number detected on machine ; 8           ;
; Maximum allowed            ; 4           ;
;                            ;             ;
; Average used               ; 1.00        ;
; Maximum used               ; 4           ;
;                            ;             ;
; Usage by Processor         ; % Time Used ;
;     Processor 1            ; 100.0%      ;
;     Processor 2            ;   0.0%      ;
;     Processors 3-4         ;   0.0%      ;
+----------------------------+-------------+


+--------------------------------------------------------------------------------------------------------------------------------------------------------+
; Analysis & Synthesis Source Files Read                                                                                                                 ;
+----------------------------------+-----------------+-----------------+-----------------------------------------------------------------------+---------+
; File Name with User-Entered Path ; Used in Netlist ; File Type       ; File Name with Absolute Path                                          ; Library ;
+----------------------------------+-----------------+-----------------+-----------------------------------------------------------------------+---------+
; ClkDividerN.vhd                  ; yes             ; User VHDL File  ; C:/Users/DarioMatos/Desktop/ProjFinalTESTE - Copy/ClkDividerN.vhd     ;         ;
; Bin7SegDecoder.vhd               ; yes             ; User VHDL File  ; C:/Users/DarioMatos/Desktop/ProjFinalTESTE - Copy/Bin7SegDecoder.vhd  ;         ;
; RAM_Activation.vhd               ; yes             ; User VHDL File  ; C:/Users/DarioMatos/Desktop/ProjFinalTESTE - Copy/RAM_Activation.vhd  ;         ;
; ControlUnit1.vhd                 ; yes             ; User VHDL File  ; C:/Users/DarioMatos/Desktop/ProjFinalTESTE - Copy/ControlUnit1.vhd    ;         ;
; Code1.vhd                        ; yes             ; User VHDL File  ; C:/Users/DarioMatos/Desktop/ProjFinalTESTE - Copy/Code1.vhd           ;         ;
; Switch.vhd                       ; yes             ; User VHDL File  ; C:/Users/DarioMatos/Desktop/ProjFinalTESTE - Copy/Switch.vhd          ;         ;
; ProjFinal_Shell.vhd              ; yes             ; User VHDL File  ; C:/Users/DarioMatos/Desktop/ProjFinalTESTE - Copy/ProjFinal_Shell.vhd ;         ;
; Code2.vhd                        ; yes             ; User VHDL File  ; C:/Users/DarioMatos/Desktop/ProjFinalTESTE - Copy/Code2.vhd           ;         ;
; SwitchInst.vhd                   ; yes             ; User VHDL File  ; C:/Users/DarioMatos/Desktop/ProjFinalTESTE - Copy/SwitchInst.vhd      ;         ;
; wordMux.vhd                      ; yes             ; User VHDL File  ; C:/Users/DarioMatos/Desktop/ProjFinalTESTE - Copy/wordMux.vhd         ;         ;
; enableKey.vhd                    ; yes             ; User VHDL File  ; C:/Users/DarioMatos/Desktop/ProjFinalTESTE - Copy/enableKey.vhd       ;         ;
; Bin7SegState.vhd                 ; yes             ; User VHDL File  ; C:/Users/DarioMatos/Desktop/ProjFinalTESTE - Copy/Bin7SegState.vhd    ;         ;
+----------------------------------+-----------------+-----------------+-----------------------------------------------------------------------+---------+


+--------------------------------------------------------------------------+
; Analysis & Synthesis Resource Usage Summary                              ;
+---------------------------------------------+----------------------------+
; Resource                                    ; Usage                      ;
+---------------------------------------------+----------------------------+
; Estimated Total logic elements              ; 85                         ;
;                                             ;                            ;
; Total combinational functions               ; 73                         ;
; Logic element usage by number of LUT inputs ;                            ;
;     -- 4 input functions                    ; 31                         ;
;     -- 3 input functions                    ; 14                         ;
;     -- <=2 input functions                  ; 28                         ;
;                                             ;                            ;
; Logic elements by mode                      ;                            ;
;     -- normal mode                          ; 59                         ;
;     -- arithmetic mode                      ; 14                         ;
;                                             ;                            ;
; Total registers                             ; 51                         ;
;     -- Dedicated logic registers            ; 51                         ;
;     -- I/O registers                        ; 0                          ;
;                                             ;                            ;
; I/O pins                                    ; 69                         ;
;                                             ;                            ;
; Embedded Multiplier 9-bit elements          ; 0                          ;
;                                             ;                            ;
; Maximum fan-out node                        ; ClkDividerN:divisor|clkOut ;
; Maximum fan-out                             ; 35                         ;
; Total fan-out                               ; 458                        ;
; Average fan-out                             ; 1.75                       ;
+---------------------------------------------+----------------------------+


+---------------------------------------------------------------------------------------------------------------------------------------------------------------------------------------------------------------------------------+
; Analysis & Synthesis Resource Utilization by Entity                                                                                                                                                                             ;
+----------------------------+---------------------+---------------------------+-------------+--------------+---------+-----------+------+--------------+----------------------------------------+-----------------+--------------+
; Compilation Hierarchy Node ; Combinational ALUTs ; Dedicated Logic Registers ; Memory Bits ; DSP Elements ; DSP 9x9 ; DSP 18x18 ; Pins ; Virtual Pins ; Full Hierarchy Name                    ; Entity Name     ; Library Name ;
+----------------------------+---------------------+---------------------------+-------------+--------------+---------+-----------+------+--------------+----------------------------------------+-----------------+--------------+
; |ProjFinal_Shell           ; 73 (2)              ; 51 (0)                    ; 0           ; 0            ; 0       ; 0         ; 69   ; 0            ; |ProjFinal_Shell                       ; ProjFinal_Shell ; work         ;
;    |Bin7SegDecoder:Hex|    ; 7 (7)               ; 0 (0)                     ; 0           ; 0            ; 0       ; 0         ; 0    ; 0            ; |ProjFinal_Shell|Bin7SegDecoder:Hex    ; Bin7SegDecoder  ; work         ;
;    |Bin7SegState:hexState| ; 1 (1)               ; 0 (0)                     ; 0           ; 0            ; 0       ; 0         ; 0    ; 0            ; |ProjFinal_Shell|Bin7SegState:hexState ; Bin7SegState    ; work         ;
;    |ClkDividerN:divisor|   ; 26 (26)             ; 16 (16)                   ; 0           ; 0            ; 0       ; 0         ; 0    ; 0            ; |ProjFinal_Shell|ClkDividerN:divisor   ; ClkDividerN     ; work         ;
;    |Code1:CodE1|           ; 0 (0)               ; 1 (1)                     ; 0           ; 0            ; 0       ; 0         ; 0    ; 0            ; |ProjFinal_Shell|Code1:CodE1           ; Code1           ; work         ;
;    |Code2:CodE2|           ; 3 (3)               ; 3 (3)                     ; 0           ; 0            ; 0       ; 0         ; 0    ; 0            ; |ProjFinal_Shell|Code2:CodE2           ; Code2           ; work         ;
;    |ControlUnit1:C1Unit|   ; 14 (14)             ; 5 (5)                     ; 0           ; 0            ; 0       ; 0         ; 0    ; 0            ; |ProjFinal_Shell|ControlUnit1:C1Unit   ; ControlUnit1    ; work         ;
;    |RAM_Activation:RAM|    ; 7 (7)               ; 15 (15)                   ; 0           ; 0            ; 0       ; 0         ; 0    ; 0            ; |ProjFinal_Shell|RAM_Activation:RAM    ; RAM_Activation  ; work         ;
;    |Switch:shift|          ; 4 (4)               ; 4 (4)                     ; 0           ; 0            ; 0       ; 0         ; 0    ; 0            ; |ProjFinal_Shell|Switch:shift          ; Switch          ; work         ;
;    |SwitchInst:shiftInst|  ; 3 (3)               ; 3 (3)                     ; 0           ; 0            ; 0       ; 0         ; 0    ; 0            ; |ProjFinal_Shell|SwitchInst:shiftInst  ; SwitchInst      ; work         ;
;    |enableKey:enEn|        ; 1 (1)               ; 1 (1)                     ; 0           ; 0            ; 0       ; 0         ; 0    ; 0            ; |ProjFinal_Shell|enableKey:enEn        ; enableKey       ; work         ;
;    |wordMux:wodrMux|       ; 5 (5)               ; 3 (3)                     ; 0           ; 0            ; 0       ; 0         ; 0    ; 0            ; |ProjFinal_Shell|wordMux:wodrMux       ; wordMux         ; work         ;
+----------------------------+---------------------+---------------------------+-------------+--------------+---------+-----------+------+--------------+----------------------------------------+-----------------+--------------+
Note: For table entries with two numbers listed, the numbers in parentheses indicate the number of resources of the given type used by the specific entity alone. The numbers listed outside of parentheses indicate the total resources of the given type used by the specific entity and all of its sub-entities in the hierarchy.


Encoding Type:  One-Hot
+--------------------------------------------------------------------------------------------------------------------------------------------------------------------+
; State Machine - |ProjFinal_Shell|ControlUnit1:C1Unit|s_currentState                                                                                                ;
+-----------------------------+------------------------+--------------------------+-------------------------+--------------------------+-----------------------------+
; Name                        ; s_currentState.OnSound ; s_currentState.OnNoSound ; s_currentState.TurnedOn ; s_currentState.TurnedOff ; s_currentState.TurnedOffAsk ;
+-----------------------------+------------------------+--------------------------+-------------------------+--------------------------+-----------------------------+
; s_currentState.TurnedOffAsk ; 0                      ; 0                        ; 0                       ; 0                        ; 0                           ;
; s_currentState.TurnedOff    ; 0                      ; 0                        ; 0                       ; 1                        ; 1                           ;
; s_currentState.TurnedOn     ; 0                      ; 0                        ; 1                       ; 0                        ; 1                           ;
; s_currentState.OnNoSound    ; 0                      ; 1                        ; 0                       ; 0                        ; 1                           ;
; s_currentState.OnSound      ; 1                      ; 0                        ; 0                       ; 0                        ; 1                           ;
+-----------------------------+------------------------+--------------------------+-------------------------+--------------------------+-----------------------------+


+---------------------------------------------------------------------------------------------------+
; User-Specified and Inferred Latches                                                               ;
+----------------------------------------------------+---------------------+------------------------+
; Latch Name                                         ; Latch Enable Signal ; Free of Timing Hazards ;
+----------------------------------------------------+---------------------+------------------------+
; Bin7SegState:hexState|decOut3[0]                   ; GND                 ; yes                    ;
; Bin7SegState:hexState|decOut3[6]                   ; GND                 ; yes                    ;
; Number of user-specified and inferred latches = 2  ;                     ;                        ;
+----------------------------------------------------+---------------------+------------------------+
Note: All latches listed above may not be present at the end of synthesis due to various synthesis optimizations.


+---------------------------------------------------------------------------------+
; Registers Removed During Synthesis                                              ;
+---------------------------------------+-----------------------------------------+
; Register name                         ; Reason for Removal                      ;
+---------------------------------------+-----------------------------------------+
; SwitchInst:shiftInst|s_word[2]        ; Merged with SwitchInst:shiftInst|s_trig ;
; Total Number of Removed Registers = 1 ;                                         ;
+---------------------------------------+-----------------------------------------+


+------------------------------------------------------+
; General Register Statistics                          ;
+----------------------------------------------+-------+
; Statistic                                    ; Value ;
+----------------------------------------------+-------+
; Total registers                              ; 51    ;
; Number of registers using Synchronous Clear  ; 15    ;
; Number of registers using Synchronous Load   ; 0     ;
; Number of registers using Asynchronous Clear ; 5     ;
; Number of registers using Asynchronous Load  ; 0     ;
; Number of registers using Clock Enable       ; 15    ;
; Number of registers using Preset             ; 0     ;
+----------------------------------------------+-------+


+-----------------------------------------------------------------------------------------------------------------------------------------------------------------+
; Multiplexer Restructuring Statistics (Restructuring Performed)                                                                                                  ;
+--------------------+-----------+---------------+----------------------+------------------------+------------+---------------------------------------------------+
; Multiplexer Inputs ; Bus Width ; Baseline Area ; Area if Restructured ; Saving if Restructured ; Registered ; Example Multiplexer Output                        ;
+--------------------+-----------+---------------+----------------------+------------------------+------------+---------------------------------------------------+
; 3:1                ; 2 bits    ; 4 LEs         ; 2 LEs                ; 2 LEs                  ; Yes        ; |ProjFinal_Shell|SwitchInst:shiftInst|s_trig      ;
; 3:1                ; 3 bits    ; 6 LEs         ; 3 LEs                ; 3 LEs                  ; Yes        ; |ProjFinal_Shell|wordMux:wodrMux|out0[2]          ;
; 4:1                ; 2 bits    ; 4 LEs         ; 2 LEs                ; 2 LEs                  ; Yes        ; |ProjFinal_Shell|Switch:shift|s_trig              ;
; 5:1                ; 3 bits    ; 9 LEs         ; 6 LEs                ; 3 LEs                  ; Yes        ; |ProjFinal_Shell|RAM_Activation:RAM|RAMData[3][1] ;
; 5:1                ; 3 bits    ; 9 LEs         ; 6 LEs                ; 3 LEs                  ; Yes        ; |ProjFinal_Shell|RAM_Activation:RAM|RAMData[2][2] ;
; 5:1                ; 3 bits    ; 9 LEs         ; 6 LEs                ; 3 LEs                  ; Yes        ; |ProjFinal_Shell|RAM_Activation:RAM|RAMData[1][1] ;
; 5:1                ; 3 bits    ; 9 LEs         ; 6 LEs                ; 3 LEs                  ; Yes        ; |ProjFinal_Shell|RAM_Activation:RAM|RAMData[0][2] ;
; 8:1                ; 3 bits    ; 15 LEs        ; 6 LEs                ; 9 LEs                  ; Yes        ; |ProjFinal_Shell|RAM_Activation:RAM|readData[2]   ;
; 4:1                ; 3 bits    ; 6 LEs         ; 0 LEs                ; 6 LEs                  ; No         ; |ProjFinal_Shell|RAM_Activation:RAM|Mux4          ;
; 4:1                ; 3 bits    ; 6 LEs         ; 3 LEs                ; 3 LEs                  ; No         ; |ProjFinal_Shell|RAM_Activation:RAM|Mux6          ;
; 4:1                ; 3 bits    ; 6 LEs         ; 3 LEs                ; 3 LEs                  ; No         ; |ProjFinal_Shell|RAM_Activation:RAM|Mux0          ;
; 8:1                ; 2 bits    ; 10 LEs        ; 6 LEs                ; 4 LEs                  ; No         ; |ProjFinal_Shell|Bin7SegDecoder:Hex|decOut_n[6]   ;
+--------------------+-----------+---------------+----------------------+------------------------+------------+---------------------------------------------------+


+------------------------------------------------------------------+
; Parameter Settings for User Entity Instance: ClkDividerN:divisor ;
+----------------+-------+-----------------------------------------+
; Parameter Name ; Value ; Type                                    ;
+----------------+-------+-----------------------------------------+
; divfactor      ; 20000 ; Signed Integer                          ;
+----------------+-------+-----------------------------------------+
Note: In order to hide this table in the UI and the text report file, please set the "Show Parameter Settings in Synthesis Report" option in "Analysis and Synthesis Settings -> More Settings" to "Off".


+-------------------------------------------------------------------------------------------------------------------+
; Port Connectivity Checks: "SwitchInst:shiftInst"                                                                  ;
+---------+--------+----------+-------------------------------------------------------------------------------------+
; Port    ; Type   ; Severity ; Details                                                                             ;
+---------+--------+----------+-------------------------------------------------------------------------------------+
; address ; Output ; Info     ; Connected to dangling logic. Logic that only feeds a dangling port will be removed. ;
+---------+--------+----------+-------------------------------------------------------------------------------------+


+-----------------------------------------------------+
; Post-Synthesis Netlist Statistics for Top Partition ;
+-----------------------+-----------------------------+
; Type                  ; Count                       ;
+-----------------------+-----------------------------+
; boundary_port         ; 69                          ;
; cycloneiii_ff         ; 51                          ;
;     CLR               ; 5                           ;
;     ENA               ; 15                          ;
;     SCLR              ; 15                          ;
;     plain             ; 16                          ;
; cycloneiii_lcell_comb ; 80                          ;
;     arith             ; 14                          ;
;         2 data inputs ; 14                          ;
;     normal            ; 66                          ;
;         0 data inputs ; 2                           ;
;         1 data inputs ; 9                           ;
;         2 data inputs ; 10                          ;
;         3 data inputs ; 14                          ;
;         4 data inputs ; 31                          ;
;                       ;                             ;
; Max LUT depth         ; 4.00                        ;
; Average LUT depth     ; 1.93                        ;
+-----------------------+-----------------------------+


+-------------------------------+
; Elapsed Time Per Partition    ;
+----------------+--------------+
; Partition Name ; Elapsed Time ;
+----------------+--------------+
; Top            ; 00:00:00     ;
+----------------+--------------+


+-------------------------------+
; Analysis & Synthesis Messages ;
+-------------------------------+
Info: *******************************************************************
Info: Running Quartus Prime Analysis & Synthesis
    Info: Version 17.1.0 Build 590 10/25/2017 SJ Lite Edition
    Info: Processing started: Sun Jun 03 04:56:59 2018
Info: Command: quartus_map --read_settings_files=on --write_settings_files=off LSDAlarm -c LSDAlarm
Warning (18236): Number of processors has not been specified which may cause overloading on shared machines.  Set the global assignment NUM_PARALLEL_PROCESSORS in your QSF to an appropriate value for best performance.
Info (20030): Parallel compilation is enabled and will use 4 of the 4 processors detected
Info (12021): Found 2 design units, including 1 entities, in source file clkdividern.vhd
    Info (12022): Found design unit 1: ClkDividerN-Behavioral File: C:/Users/DarioMatos/Desktop/ProjFinalTESTE - Copy/ClkDividerN.vhd Line: 11
    Info (12023): Found entity 1: ClkDividerN File: C:/Users/DarioMatos/Desktop/ProjFinalTESTE - Copy/ClkDividerN.vhd Line: 5
Info (12021): Found 2 design units, including 1 entities, in source file bin7segdecoder.vhd
    Info (12022): Found design unit 1: Bin7SegDecoder-Behavioral File: C:/Users/DarioMatos/Desktop/ProjFinalTESTE - Copy/Bin7SegDecoder.vhd Line: 9
    Info (12023): Found entity 1: Bin7SegDecoder File: C:/Users/DarioMatos/Desktop/ProjFinalTESTE - Copy/Bin7SegDecoder.vhd Line: 4
Info (12021): Found 2 design units, including 1 entities, in source file ram_activation.vhd
    Info (12022): Found design unit 1: RAM_Activation-Behavioral File: C:/Users/DarioMatos/Desktop/ProjFinalTESTE - Copy/RAM_Activation.vhd Line: 15
    Info (12023): Found entity 1: RAM_Activation File: C:/Users/DarioMatos/Desktop/ProjFinalTESTE - Copy/RAM_Activation.vhd Line: 5
Info (12021): Found 2 design units, including 1 entities, in source file controlunit1.vhd
    Info (12022): Found design unit 1: ControlUnit1-Behavioral File: C:/Users/DarioMatos/Desktop/ProjFinalTESTE - Copy/ControlUnit1.vhd Line: 27
    Info (12023): Found entity 1: ControlUnit1 File: C:/Users/DarioMatos/Desktop/ProjFinalTESTE - Copy/ControlUnit1.vhd Line: 5
Info (12021): Found 2 design units, including 1 entities, in source file code1.vhd
    Info (12022): Found design unit 1: Code1-Behavioral File: C:/Users/DarioMatos/Desktop/ProjFinalTESTE - Copy/Code1.vhd Line: 12
    Info (12023): Found entity 1: Code1 File: C:/Users/DarioMatos/Desktop/ProjFinalTESTE - Copy/Code1.vhd Line: 5
Info (12021): Found 1 design units, including 1 entities, in source file blockteste.bdf
    Info (12023): Found entity 1: BlockTeste
Info (12021): Found 2 design units, including 1 entities, in source file switch.vhd
    Info (12022): Found design unit 1: Switch-Behavioral File: C:/Users/DarioMatos/Desktop/ProjFinalTESTE - Copy/Switch.vhd Line: 15
    Info (12023): Found entity 1: Switch File: C:/Users/DarioMatos/Desktop/ProjFinalTESTE - Copy/Switch.vhd Line: 4
Info (12021): Found 2 design units, including 1 entities, in source file projfinal_shell.vhd
    Info (12022): Found design unit 1: ProjFinal_Shell-Shell File: C:/Users/DarioMatos/Desktop/ProjFinalTESTE - Copy/ProjFinal_Shell.vhd Line: 17
    Info (12023): Found entity 1: ProjFinal_Shell File: C:/Users/DarioMatos/Desktop/ProjFinalTESTE - Copy/ProjFinal_Shell.vhd Line: 5
Info (12021): Found 2 design units, including 1 entities, in source file code2.vhd
    Info (12022): Found design unit 1: Code2-Behavioral File: C:/Users/DarioMatos/Desktop/ProjFinalTESTE - Copy/Code2.vhd Line: 15
    Info (12023): Found entity 1: Code2 File: C:/Users/DarioMatos/Desktop/ProjFinalTESTE - Copy/Code2.vhd Line: 5
Info (12021): Found 2 design units, including 1 entities, in source file switchinst.vhd
    Info (12022): Found design unit 1: SwitchInst-Behavioral File: C:/Users/DarioMatos/Desktop/ProjFinalTESTE - Copy/SwitchInst.vhd Line: 16
    Info (12023): Found entity 1: SwitchInst File: C:/Users/DarioMatos/Desktop/ProjFinalTESTE - Copy/SwitchInst.vhd Line: 4
Info (12021): Found 2 design units, including 1 entities, in source file wordmux.vhd
    Info (12022): Found design unit 1: wordMux-Behavioral File: C:/Users/DarioMatos/Desktop/ProjFinalTESTE - Copy/wordMux.vhd Line: 13
    Info (12023): Found entity 1: wordMux File: C:/Users/DarioMatos/Desktop/ProjFinalTESTE - Copy/wordMux.vhd Line: 5
Info (12021): Found 2 design units, including 1 entities, in source file precode2.vhd
    Info (12022): Found design unit 1: PreCode2-Behavioral File: C:/Users/DarioMatos/Desktop/ProjFinalTESTE - Copy/PreCode2.vhd Line: 16
    Info (12023): Found entity 1: PreCode2 File: C:/Users/DarioMatos/Desktop/ProjFinalTESTE - Copy/PreCode2.vhd Line: 5
Info (12021): Found 2 design units, including 1 entities, in source file enablekey.vhd
    Info (12022): Found design unit 1: enableKey-Behavioral File: C:/Users/DarioMatos/Desktop/ProjFinalTESTE - Copy/enableKey.vhd Line: 12
    Info (12023): Found entity 1: enableKey File: C:/Users/DarioMatos/Desktop/ProjFinalTESTE - Copy/enableKey.vhd Line: 5
Info (12021): Found 2 design units, including 1 entities, in source file bin7segstate.vhd
    Info (12022): Found design unit 1: Bin7SegState-Behavioral File: C:/Users/DarioMatos/Desktop/ProjFinalTESTE - Copy/Bin7SegState.vhd Line: 11
    Info (12023): Found entity 1: Bin7SegState File: C:/Users/DarioMatos/Desktop/ProjFinalTESTE - Copy/Bin7SegState.vhd Line: 4
Info (12127): Elaborating entity "ProjFinal_Shell" for the top level hierarchy
Warning (10541): VHDL Signal Declaration warning at ProjFinal_Shell.vhd(24): used implicit default value for signal "s_address" because signal was never assigned a value or an explicit default value. Use of implicit default value may introduce unintended design optimizations. File: C:/Users/DarioMatos/Desktop/ProjFinalTESTE - Copy/ProjFinal_Shell.vhd Line: 24
Warning (10036): Verilog HDL or VHDL warning at ProjFinal_Shell.vhd(25): object "s_address_Inst" assigned a value but never read File: C:/Users/DarioMatos/Desktop/ProjFinalTESTE - Copy/ProjFinal_Shell.vhd Line: 25
Info (12129): Elaborating entity "enableKey" using architecture "A:behavioral" for hierarchy "enableKey:enEn" File: C:/Users/DarioMatos/Desktop/ProjFinalTESTE - Copy/ProjFinal_Shell.vhd Line: 47
Info (12129): Elaborating entity "ClkDividerN" using architecture "A:behavioral" for hierarchy "ClkDividerN:divisor" File: C:/Users/DarioMatos/Desktop/ProjFinalTESTE - Copy/ProjFinal_Shell.vhd Line: 53
Info (12129): Elaborating entity "Switch" using architecture "A:behavioral" for hierarchy "Switch:shift" File: C:/Users/DarioMatos/Desktop/ProjFinalTESTE - Copy/ProjFinal_Shell.vhd Line: 58
Info (12129): Elaborating entity "SwitchInst" using architecture "A:behavioral" for hierarchy "SwitchInst:shiftInst" File: C:/Users/DarioMatos/Desktop/ProjFinalTESTE - Copy/ProjFinal_Shell.vhd Line: 67
Info (12129): Elaborating entity "ControlUnit1" using architecture "A:behavioral" for hierarchy "ControlUnit1:C1Unit" File: C:/Users/DarioMatos/Desktop/ProjFinalTESTE - Copy/ProjFinal_Shell.vhd Line: 77
Info (12129): Elaborating entity "Bin7SegState" using architecture "A:behavioral" for hierarchy "Bin7SegState:hexState" File: C:/Users/DarioMatos/Desktop/ProjFinalTESTE - Copy/ProjFinal_Shell.vhd Line: 92
Warning (10631): VHDL Process Statement warning at Bin7SegState.vhd(14): inferring latch(es) for signal or variable "decOut3", which holds its previous value in one or more paths through the process File: C:/Users/DarioMatos/Desktop/ProjFinalTESTE - Copy/Bin7SegState.vhd Line: 14
Info (10041): Inferred latch for "decOut3[0]" at Bin7SegState.vhd(14) File: C:/Users/DarioMatos/Desktop/ProjFinalTESTE - Copy/Bin7SegState.vhd Line: 14
Info (10041): Inferred latch for "decOut3[1]" at Bin7SegState.vhd(14) File: C:/Users/DarioMatos/Desktop/ProjFinalTESTE - Copy/Bin7SegState.vhd Line: 14
Info (10041): Inferred latch for "decOut3[2]" at Bin7SegState.vhd(14) File: C:/Users/DarioMatos/Desktop/ProjFinalTESTE - Copy/Bin7SegState.vhd Line: 14
Info (10041): Inferred latch for "decOut3[3]" at Bin7SegState.vhd(14) File: C:/Users/DarioMatos/Desktop/ProjFinalTESTE - Copy/Bin7SegState.vhd Line: 14
Info (10041): Inferred latch for "decOut3[4]" at Bin7SegState.vhd(14) File: C:/Users/DarioMatos/Desktop/ProjFinalTESTE - Copy/Bin7SegState.vhd Line: 14
Info (10041): Inferred latch for "decOut3[5]" at Bin7SegState.vhd(14) File: C:/Users/DarioMatos/Desktop/ProjFinalTESTE - Copy/Bin7SegState.vhd Line: 14
Info (10041): Inferred latch for "decOut3[6]" at Bin7SegState.vhd(14) File: C:/Users/DarioMatos/Desktop/ProjFinalTESTE - Copy/Bin7SegState.vhd Line: 14
Info (12129): Elaborating entity "Code1" using architecture "A:behavioral" for hierarchy "Code1:CodE1" File: C:/Users/DarioMatos/Desktop/ProjFinalTESTE - Copy/ProjFinal_Shell.vhd Line: 98
Info (12129): Elaborating entity "wordMux" using architecture "A:behavioral" for hierarchy "wordMux:wodrMux" File: C:/Users/DarioMatos/Desktop/ProjFinalTESTE - Copy/ProjFinal_Shell.vhd Line: 103
Info (12129): Elaborating entity "Code2" using architecture "A:behavioral" for hierarchy "Code2:CodE2" File: C:/Users/DarioMatos/Desktop/ProjFinalTESTE - Copy/ProjFinal_Shell.vhd Line: 110
Info (12129): Elaborating entity "RAM_Activation" using architecture "A:behavioral" for hierarchy "RAM_Activation:RAM" File: C:/Users/DarioMatos/Desktop/ProjFinalTESTE - Copy/ProjFinal_Shell.vhd Line: 118
Info (12129): Elaborating entity "Bin7SegDecoder" using architecture "A:behavioral" for hierarchy "Bin7SegDecoder:Hex" File: C:/Users/DarioMatos/Desktop/ProjFinalTESTE - Copy/ProjFinal_Shell.vhd Line: 126
Info (10041): Inferred latch for "decOut_n[0]" at Bin7SegDecoder.vhd(11) File: C:/Users/DarioMatos/Desktop/ProjFinalTESTE - Copy/Bin7SegDecoder.vhd Line: 11
Info (10041): Inferred latch for "decOut_n[1]" at Bin7SegDecoder.vhd(11) File: C:/Users/DarioMatos/Desktop/ProjFinalTESTE - Copy/Bin7SegDecoder.vhd Line: 11
Info (10041): Inferred latch for "decOut_n[2]" at Bin7SegDecoder.vhd(11) File: C:/Users/DarioMatos/Desktop/ProjFinalTESTE - Copy/Bin7SegDecoder.vhd Line: 11
Info (10041): Inferred latch for "decOut_n[3]" at Bin7SegDecoder.vhd(11) File: C:/Users/DarioMatos/Desktop/ProjFinalTESTE - Copy/Bin7SegDecoder.vhd Line: 11
Info (10041): Inferred latch for "decOut_n[4]" at Bin7SegDecoder.vhd(11) File: C:/Users/DarioMatos/Desktop/ProjFinalTESTE - Copy/Bin7SegDecoder.vhd Line: 11
Info (10041): Inferred latch for "decOut_n[5]" at Bin7SegDecoder.vhd(11) File: C:/Users/DarioMatos/Desktop/ProjFinalTESTE - Copy/Bin7SegDecoder.vhd Line: 11
Info (10041): Inferred latch for "decOut_n[6]" at Bin7SegDecoder.vhd(11) File: C:/Users/DarioMatos/Desktop/ProjFinalTESTE - Copy/Bin7SegDecoder.vhd Line: 11
Warning (13024): Output pins are stuck at VCC or GND
    Warning (13410): Pin "HEX1[3]" is stuck at VCC File: C:/Users/DarioMatos/Desktop/ProjFinalTESTE - Copy/ProjFinal_Shell.vhd Line: 11
    Warning (13410): Pin "HEX2[1]" is stuck at VCC File: C:/Users/DarioMatos/Desktop/ProjFinalTESTE - Copy/ProjFinal_Shell.vhd Line: 12
    Warning (13410): Pin "HEX2[3]" is stuck at VCC File: C:/Users/DarioMatos/Desktop/ProjFinalTESTE - Copy/ProjFinal_Shell.vhd Line: 12
    Warning (13410): Pin "HEX2[4]" is stuck at GND File: C:/Users/DarioMatos/Desktop/ProjFinalTESTE - Copy/ProjFinal_Shell.vhd Line: 12
    Warning (13410): Pin "HEX2[6]" is stuck at GND File: C:/Users/DarioMatos/Desktop/ProjFinalTESTE - Copy/ProjFinal_Shell.vhd Line: 12
    Warning (13410): Pin "HEX3[0]" is stuck at GND File: C:/Users/DarioMatos/Desktop/ProjFinalTESTE - Copy/ProjFinal_Shell.vhd Line: 13
    Warning (13410): Pin "HEX3[1]" is stuck at GND File: C:/Users/DarioMatos/Desktop/ProjFinalTESTE - Copy/ProjFinal_Shell.vhd Line: 13
    Warning (13410): Pin "HEX3[2]" is stuck at GND File: C:/Users/DarioMatos/Desktop/ProjFinalTESTE - Copy/ProjFinal_Shell.vhd Line: 13
    Warning (13410): Pin "HEX3[3]" is stuck at GND File: C:/Users/DarioMatos/Desktop/ProjFinalTESTE - Copy/ProjFinal_Shell.vhd Line: 13
    Warning (13410): Pin "HEX3[4]" is stuck at GND File: C:/Users/DarioMatos/Desktop/ProjFinalTESTE - Copy/ProjFinal_Shell.vhd Line: 13
    Warning (13410): Pin "HEX3[5]" is stuck at GND File: C:/Users/DarioMatos/Desktop/ProjFinalTESTE - Copy/ProjFinal_Shell.vhd Line: 13
    Warning (13410): Pin "HEX3[6]" is stuck at VCC File: C:/Users/DarioMatos/Desktop/ProjFinalTESTE - Copy/ProjFinal_Shell.vhd Line: 13
Info (286030): Timing-Driven Synthesis is running
Info (16010): Generating hard_block partition "hard_block:auto_generated_inst"
    Info (16011): Adding 0 node(s), including 0 DDIO, 0 PLL, 0 transceiver and 0 LCELL
Warning (21074): Design contains 5 input pin(s) that do not drive logic
    Warning (15610): No output dependent on input pin "SW[8]" File: C:/Users/DarioMatos/Desktop/ProjFinalTESTE - Copy/ProjFinal_Shell.vhd Line: 6
    Warning (15610): No output dependent on input pin "SW[9]" File: C:/Users/DarioMatos/Desktop/ProjFinalTESTE - Copy/ProjFinal_Shell.vhd Line: 6
    Warning (15610): No output dependent on input pin "KEY[0]" File: C:/Users/DarioMatos/Desktop/ProjFinalTESTE - Copy/ProjFinal_Shell.vhd Line: 7
    Warning (15610): No output dependent on input pin "KEY[1]" File: C:/Users/DarioMatos/Desktop/ProjFinalTESTE - Copy/ProjFinal_Shell.vhd Line: 7
    Warning (15610): No output dependent on input pin "KEY[2]" File: C:/Users/DarioMatos/Desktop/ProjFinalTESTE - Copy/ProjFinal_Shell.vhd Line: 7
Info (21057): Implemented 155 device resources after synthesis - the final resource count might be different
    Info (21058): Implemented 23 input pins
    Info (21059): Implemented 46 output pins
    Info (21061): Implemented 86 logic cells
Info: Quartus Prime Analysis & Synthesis was successful. 0 errors, 23 warnings
    Info: Peak virtual memory: 4790 megabytes
    Info: Processing ended: Sun Jun 03 04:57:13 2018
    Info: Elapsed time: 00:00:14
    Info: Total CPU time (on all processors): 00:00:28


